<?xml version="1.0" encoding="UTF-8"?>
<!-- Generated by org.testng.reporters.JUnitReportReporter -->
<testsuite hostname="DESKTOP-R9TKNVI" failures="0" tests="1" name="first.NewTest" time="0.024" errors="0" timestamp="2025-03-14T11:15:24 PKT" skipped="0">
  <testcase classname="first.NewTest" name="f" time="0.024"/>
  <system-out/>
</testsuite> <!-- first.NewTest -->
