<?xml version="1.0" encoding="UTF-8"?>
<!-- Generated by org.testng.reporters.JUnitReportReporter -->
<testsuite hostname="DESKTOP-R9TKNVI" failures="0" tests="4" name="first.second" time="0.033" errors="0" timestamp="2025-03-14T11:15:24 PKT" skipped="0">
  <testcase classname="first.second" name="setdata" time="0.003"/>
  <system-out/>
  <testcase classname="first.second" name="setdata" time="0.004"/>
  <system-out/>
  <testcase classname="first.second" name="setdata" time="0.023"/>
  <system-out/>
  <testcase classname="first.second" name="secondM" time="0.003"/>
  <system-out/>
</testsuite> <!-- first.second -->
