<?xml version="1.0" encoding="UTF-8"?>
<!-- Generated by org.testng.reporters.JUnitReportReporter -->
<testsuite hostname="DESKTOP-R9TKNVI" failures="0" tests="11" name="first.fisttest" time="0.078" errors="0" timestamp="2025-03-14T11:15:24 PKT" skipped="2">
  <testcase classname="first.fisttest" name="testgroup" time="0.021"/>
  <system-out/>
  <testcase classname="first.fisttest" name="dependentOnMethod" time="0.003"/>
  <system-out/>
  <testcase classname="first.fisttest" name="dependentOnMethod" time="0.026"/>
  <system-out/>
  <testcase classname="first.fisttest" name="testgroup" time="0.004"/>
  <system-out/>
  <testcase classname="first.fisttest" name="first" time="0.004"/>
  <system-out/>
  <testcase classname="first.fisttest" name="first" time="0.009"/>
  <system-out/>
  <testcase classname="first.fisttest" name="first2" time="0.008"/>
  <system-out/>
  <testcase classname="first.fisttest" name="first1" time="0.002"/>
  <system-out/>
  <testcase classname="first.fisttest" name="first1" time="0.001"/>
  <system-out/>
  <testcase classname="first.fisttest" name="disableTest">
    <skipped/>
  </testcase> <!-- disableTest -->
  <system-out/>
  <testcase classname="first.fisttest" name="disableTest">
    <skipped/>
  </testcase> <!-- disableTest -->
  <system-out/>
</testsuite> <!-- first.fisttest -->
