<?xml version="1.0" encoding="UTF-8"?>
<!-- Generated by org.testng.reporters.JUnitReportReporter -->
<testsuite hostname="DESKTOP-R9TKNVI" failures="0" tests="4" name="shehryarwork.SeleniumFramework.E2ETesting" time="218.200" errors="0" timestamp="2025-03-06T09:26:41 PKT" skipped="0">
  <testcase classname="shehryarwork.SeleniumFramework.E2ETesting" name="mainTest" time="52.145"/>
  <testcase classname="shehryarwork.SeleniumFramework.E2ETesting" name="ProductAddToCart" time="63.525"/>
  <testcase classname="shehryarwork.SeleniumFramework.E2ETesting" name="mainTest" time="49.984"/>
  <testcase classname="shehryarwork.SeleniumFramework.E2ETesting" name="ProductAddToCart" time="52.546"/>
</testsuite> <!-- shehryarwork.SeleniumFramework.E2ETesting -->
