<?xml version="1.0" encoding="UTF-8"?>
<!-- Generated by org.testng.reporters.JUnitReportReporter -->
<testsuite hostname="DESKTOP-R9TKNVI" failures="0" tests="1" name="shehryarwork.SeleniumFramework.LoginValidation" time="37.656" errors="0" timestamp="2025-03-16T12:10:33 PKT" skipped="0">
  <testcase classname="shehryarwork.SeleniumFramework.LoginValidation" name="LoginValidationMethod" time="37.656"/>
</testsuite> <!-- shehryarwork.SeleniumFramework.LoginValidation -->
